Tue Jun 20 2017 12:17:10 GMT-0400 (Eastern Daylight Time): GET /
Tue Jun 20 2017 12:18:37 GMT-0400 (Eastern Daylight Time): GET /about
Tue Jun 20 2017 12:24:53 GMT-0400 (Eastern Daylight Time): GET /about
Tue Jun 20 2017 12:25:03 GMT-0400 (Eastern Daylight Time): GET /
Tue Jun 20 2017 12:27:08 GMT-0400 (Eastern Daylight Time): GET /
Tue Jun 20 2017 12:27:27 GMT-0400 (Eastern Daylight Time): GET /
Tue Jun 20 2017 12:27:33 GMT-0400 (Eastern Daylight Time): GET /about
Tue Jun 20 2017 12:27:52 GMT-0400 (Eastern Daylight Time): GET /about
Tue Jun 20 2017 12:28:42 GMT-0400 (Eastern Daylight Time): GET /about
Tue Jun 20 2017 12:28:55 GMT-0400 (Eastern Daylight Time): GET /about
Tue Jun 20 2017 12:29:02 GMT-0400 (Eastern Daylight Time): GET /
Tue Jun 20 2017 12:30:57 GMT-0400 (Eastern Daylight Time): GET /help.html
Tue Jun 20 2017 12:31:06 GMT-0400 (Eastern Daylight Time): GET /
Tue Jun 20 2017 12:31:14 GMT-0400 (Eastern Daylight Time): GET /help.html
Tue Jun 20 2017 12:31:48 GMT-0400 (Eastern Daylight Time): GET /help.html
Tue Jun 20 2017 12:31:52 GMT-0400 (Eastern Daylight Time): GET /
Tue Jun 20 2017 12:31:54 GMT-0400 (Eastern Daylight Time): GET /
Tue Jun 20 2017 12:31:59 GMT-0400 (Eastern Daylight Time): GET /
Tue Jun 20 2017 12:31:59 GMT-0400 (Eastern Daylight Time): GET /about
Tue Jun 20 2017 12:32:01 GMT-0400 (Eastern Daylight Time): GET /
Tue Jun 20 2017 16:05:00 GMT-0400 (Eastern Daylight Time): GET /
Tue Jun 20 2017 16:05:00 GMT-0400 (Eastern Daylight Time): GET /favicon.ico
Tue Jun 20 2017 16:05:02 GMT-0400 (Eastern Daylight Time): GET /projects
Tue Jun 20 2017 16:05:09 GMT-0400 (Eastern Daylight Time): GET /about
Tue Jun 20 2017 16:05:11 GMT-0400 (Eastern Daylight Time): GET /
Tue Jun 20 2017 16:05:14 GMT-0400 (Eastern Daylight Time): GET /projects
Tue Jun 20 2017 16:05:15 GMT-0400 (Eastern Daylight Time): GET /about
Tue Jun 20 2017 16:05:16 GMT-0400 (Eastern Daylight Time): GET /
Wed Jun 21 2017 09:04:23 GMT-0400 (Eastern Daylight Time): GET /
Wed Jun 21 2017 09:04:23 GMT-0400 (Eastern Daylight Time): GET /favicon.ico
Wed Jun 21 2017 09:04:25 GMT-0400 (Eastern Daylight Time): GET /projects
Wed Jun 21 2017 09:04:26 GMT-0400 (Eastern Daylight Time): GET /about
Wed Jun 21 2017 09:04:27 GMT-0400 (Eastern Daylight Time): GET /
Wed Jun 21 2017 09:05:01 GMT-0400 (Eastern Daylight Time): GET /
Wed Jun 21 2017 09:05:04 GMT-0400 (Eastern Daylight Time): GET /
Wed Jun 21 2017 09:05:06 GMT-0400 (Eastern Daylight Time): GET /
Wed Jun 21 2017 09:05:08 GMT-0400 (Eastern Daylight Time): GET /about
Wed Jun 21 2017 09:05:10 GMT-0400 (Eastern Daylight Time): GET /projects
Wed Jun 21 2017 09:05:12 GMT-0400 (Eastern Daylight Time): GET /
Wed Jun 21 2017 19:36:32 GMT-0400 (Eastern Daylight Time): GET /
Wed Jun 21 2017 19:37:16 GMT-0400 (Eastern Daylight Time): GET /
Wed Jun 21 2017 19:38:08 GMT-0400 (Eastern Daylight Time): GET /projects
Wed Jun 21 2017 19:39:58 GMT-0400 (Eastern Daylight Time): GET /projects
Sun Jul 02 2017 01:08:01 GMT-0400 (Eastern Daylight Time): GET /
Sun Jul 02 2017 01:08:01 GMT-0400 (Eastern Daylight Time): GET /favicon.ico
Sun Jul 02 2017 01:09:01 GMT-0400 (Eastern Daylight Time): GET /
Sun Jul 02 2017 01:09:05 GMT-0400 (Eastern Daylight Time): GET /
Sun Jul 02 2017 01:09:51 GMT-0400 (Eastern Daylight Time): GET /
Sun Jul 02 2017 01:09:53 GMT-0400 (Eastern Daylight Time): GET /
Sun Jul 02 2017 01:10:01 GMT-0400 (Eastern Daylight Time): GET /
Sun Jul 02 2017 01:10:02 GMT-0400 (Eastern Daylight Time): GET /
Sun Jul 02 2017 01:10:03 GMT-0400 (Eastern Daylight Time): GET /
Sun Jul 02 2017 01:10:11 GMT-0400 (Eastern Daylight Time): GET /
Sun Jul 02 2017 01:10:13 GMT-0400 (Eastern Daylight Time): GET /pointstable
Sun Jul 02 2017 01:10:17 GMT-0400 (Eastern Daylight Time): GET /schedule
Sun Jul 02 2017 01:10:19 GMT-0400 (Eastern Daylight Time): GET /bestplayers
Sun Jul 02 2017 01:11:12 GMT-0400 (Eastern Daylight Time): GET /
Sun Jul 02 2017 01:11:15 GMT-0400 (Eastern Daylight Time): GET /pointstable
Sun Jul 02 2017 01:11:17 GMT-0400 (Eastern Daylight Time): GET /
Sun Jul 02 2017 01:11:20 GMT-0400 (Eastern Daylight Time): GET /pointstable
Sun Jul 02 2017 01:11:51 GMT-0400 (Eastern Daylight Time): GET /
Sun Jul 02 2017 01:11:52 GMT-0400 (Eastern Daylight Time): GET /pointstable
Sun Jul 02 2017 01:11:54 GMT-0400 (Eastern Daylight Time): GET /
Sun Jul 02 2017 01:11:55 GMT-0400 (Eastern Daylight Time): GET /pointstable
Sun Jul 02 2017 01:11:57 GMT-0400 (Eastern Daylight Time): GET /pointstable
Wed Feb 21 2018 21:52:32 GMT-0600 (Central Standard Time): GET /pointstable
Wed Feb 21 2018 21:52:33 GMT-0600 (Central Standard Time): GET /resources/demos/style.css
Wed Feb 21 2018 21:52:33 GMT-0600 (Central Standard Time): GET /resources/demos/style.css
Wed Feb 21 2018 21:56:17 GMT-0600 (Central Standard Time): GET /
Wed Feb 21 2018 21:56:17 GMT-0600 (Central Standard Time): GET /resources/demos/style.css
Wed Feb 21 2018 21:56:17 GMT-0600 (Central Standard Time): GET /resources/demos/style.css
Wed Feb 21 2018 21:57:07 GMT-0600 (Central Standard Time): GET /
Wed Feb 21 2018 21:57:07 GMT-0600 (Central Standard Time): GET /resources/demos/style.css
Wed Feb 21 2018 21:57:08 GMT-0600 (Central Standard Time): GET /resources/demos/style.css
Wed Feb 21 2018 21:57:12 GMT-0600 (Central Standard Time): GET /resources/demos/style.css
Wed Feb 21 2018 22:01:28 GMT-0600 (Central Standard Time): GET /schedule
Wed Feb 21 2018 22:01:29 GMT-0600 (Central Standard Time): GET /pointstable
Wed Feb 21 2018 22:01:29 GMT-0600 (Central Standard Time): GET /resources/demos/style.css
